\BOOKMARK [1][-]{section.1}{\376\377\000S\000u\000n}{}% 1
\BOOKMARK [2][-]{subsection.1.1}{\376\377\000R\000e\000s\000p\000o\000n\000s\000i\000b\000l\000e\000:\000\040\000J\000o\000s\000\351\000\040\000C\000e\000c\000a\000t\000t\000o}{section.1}% 2
\BOOKMARK [1][-]{section.2}{\376\377\000S\000u\000n}{}% 3
\BOOKMARK [2][-]{subsection.2.1}{\376\377\000R\000e\000s\000p\000o\000n\000s\000i\000b\000l\000e\000:\000\040\000D\000o\000u\000g\000l\000a\000s\000\040\000S\000i\000l\000v\000a}{section.2}% 4
\BOOKMARK [1][-]{section.3}{\376\377\000I\000n\000t\000e\000r\000p\000l\000a\000n\000e\000t\000a\000r\000y\000\040\000M\000e\000d\000i\000u\000m}{}% 5
\BOOKMARK [2][-]{subsection.3.1}{\376\377\000R\000e\000s\000p\000o\000n\000s\000i\000b\000l\000e\000:\000\040\000P\000a\000u\000l\000o\000\040\000R\000i\000c\000a\000r\000d\000o\000\040\000J\000a\000u\000e\000r}{section.3}% 6
\BOOKMARK [1][-]{section.4}{\376\377\000R\000a\000d\000i\000a\000t\000i\000o\000n\000\040\000B\000e\000l\000t\000s}{}% 7
\BOOKMARK [2][-]{subsection.4.1}{\376\377\000R\000e\000s\000p\000o\000n\000s\000i\000b\000l\000e\000:\000\040\000L\000i\000g\000i\000a\000\040\000A\000l\000v\000e\000s\000\040\000d\000a\000\040\000S\000i\000l\000v\000a}{section.4}% 8
\BOOKMARK [1][-]{section.5}{\376\377\000U\000L\000F\000\040\000W\000a\000v\000e\000s}{}% 9
\BOOKMARK [2][-]{subsection.5.1}{\376\377\000R\000e\000s\000p\000o\000n\000s\000i\000b\000l\000e\000:\000\040\000J\000o\000s\000\351\000\040\000P\000a\000u\000l\000o\000\040\000M\000a\000r\000c\000h\000e\000z\000i}{section.5}% 10
\BOOKMARK [1][-]{section.6}{\376\377\000O\000n\000d\000a\000s\000\040\000E\000M\000I\000C}{}% 11
\BOOKMARK [2][-]{subsection.6.1}{\376\377\000R\000e\000s\000p\000o\000n\000s\000\341\000v\000e\000l\000:\000\040\000C\000l\000\341\000u\000d\000i\000a\000\040\000M\000e\000d\000e\000i\000r\000o\000s}{section.6}% 12
\BOOKMARK [1][-]{section.7}{\376\377\000G\000e\000o\000m\000a\000g\000n\000e\000t\000i\000s\000m}{}% 13
\BOOKMARK [2][-]{subsection.7.1}{\376\377\000R\000e\000s\000p\000o\000n\000s\000i\000b\000l\000e\000:\000\040\000L\000i\000v\000i\000a\000\040\000R\000i\000b\000e\000i\000r\000o\000\040\000A\000l\000v\000e\000s}{section.7}% 14
\BOOKMARK [1][-]{section.8}{\376\377\000I\000o\000n\000o\000s\000p\000h\000e\000r\000e}{}% 15
\BOOKMARK [2][-]{subsection.8.1}{\376\377\000R\000e\000s\000p\000o\000n\000s\000i\000b\000l\000e\000:\000\040\000L\000a\000y\000s\000a\000\040\000R\000e\000s\000e\000n\000d\000e}{section.8}% 16
\BOOKMARK [1][-]{section.9}{\376\377\000S\000C\000i\000n\000t\000i\000l\000a\000t\000i\000o\000n}{}% 17
\BOOKMARK [2][-]{subsection.9.1}{\376\377\000R\000e\000s\000p\000o\000n\000s\000i\000b\000l\000e\000:\000\040\000S\000i\000o\000m\000e\000l\000\040\000S\000a\000v\000i\000o\000\040\000O\000d\000r\000i\000o\000z\000o\000l\000a}{section.9}% 18
\BOOKMARK [1][-]{section.10}{\376\377\000R\000O\000T\000I}{}% 19
\BOOKMARK [2][-]{subsection.10.1}{\376\377\000R\000e\000s\000p\000o\000n\000s\000i\000b\000l\000e\000:\000\040\000C\000a\000r\000o\000l\000i\000n\000a\000\040\000d\000e\000\040\000S\000o\000u\000s\000a\000\040\000d\000o\000\040\000C\000a\000r\000m\000o}{section.10}% 20
