\BOOKMARK [1][-]{section.1}{\376\377\000S\000o\000l}{}% 1
\BOOKMARK [2][-]{subsection.1.1}{\376\377\000R\000e\000s\000p\000o\000n\000s\000\341\000v\000e\000l\000:\000\040\000N\000o\000m\000e}{section.1}% 2
\BOOKMARK [1][-]{section.2}{\376\377\000S\000o\000l}{}% 3
\BOOKMARK [2][-]{subsection.2.1}{\376\377\000R\000e\000s\000p\000o\000n\000s\000\341\000v\000e\000l\000:\000\040\000N\000o\000m\000e}{section.2}% 4
\BOOKMARK [1][-]{section.3}{\376\377\000M\000e\000i\000o\000\040\000I\000n\000t\000e\000r\000p\000l\000a\000n\000e\000t\000\341\000r\000i\000o}{}% 5
\BOOKMARK [2][-]{subsection.3.1}{\376\377\000R\000e\000s\000p\000o\000n\000s\000\341\000v\000e\000l\000:\000\040\000N\000o\000m\000e}{section.3}% 6
\BOOKMARK [1][-]{section.4}{\376\377\000C\000i\000n\000t\000u\000r\000\365\000e\000s\000\040\000d\000e\000\040\000R\000a\000d\000i\000a\000\347\000\343\000o}{}% 7
\BOOKMARK [2][-]{subsection.4.1}{\376\377\000R\000e\000s\000p\000o\000n\000s\000\341\000v\000e\000l\000:\000\040\000N\000o\000m\000e}{section.4}% 8
\BOOKMARK [1][-]{section.5}{\376\377\000O\000n\000d\000a\000s\000\040\000U\000L\000F}{}% 9
\BOOKMARK [2][-]{subsection.5.1}{\376\377\000R\000e\000s\000p\000o\000n\000s\000\341\000v\000e\000l\000:\000\040\000N\000o\000m\000e}{section.5}% 10
\BOOKMARK [1][-]{section.6}{\376\377\000O\000n\000d\000a\000s\000\040\000E\000M\000I\000C}{}% 11
\BOOKMARK [2][-]{subsection.6.1}{\376\377\000R\000e\000s\000p\000o\000n\000s\000\341\000v\000e\000l\000:\000\040\000N\000o\000m\000e}{section.6}% 12
\BOOKMARK [1][-]{section.7}{\376\377\000G\000e\000o\000m\000a\000g\000n\000e\000t\000i\000s\000m\000o}{}% 13
\BOOKMARK [2][-]{subsection.7.1}{\376\377\000R\000e\000s\000p\000o\000n\000s\000\341\000v\000e\000l\000:\000\040\000N\000o\000m\000e}{section.7}% 14
\BOOKMARK [1][-]{section.8}{\376\377\000I\000o\000n\000o\000s\000f\000e\000r\000a}{}% 15
\BOOKMARK [2][-]{subsection.8.1}{\376\377\000R\000e\000s\000p\000o\000n\000s\000\341\000v\000e\000l\000:\000\040\000N\000o\000m\000e}{section.8}% 16
\BOOKMARK [1][-]{section.9}{\376\377\000C\000i\000n\000t\000i\000l\000a\000\347\000\343\000o}{}% 17
\BOOKMARK [2][-]{subsection.9.1}{\376\377\000R\000e\000s\000p\000o\000n\000s\000\341\000v\000e\000l\000:\000\040\000N\000o\000m\000e}{section.9}% 18
\BOOKMARK [1][-]{section.10}{\376\377\000R\000O\000T\000I}{}% 19
\BOOKMARK [2][-]{subsection.10.1}{\376\377\000R\000e\000s\000p\000o\000n\000s\000\341\000v\000e\000l\000:\000\040\000N\000o\000m\000e}{section.10}% 20
