This is pdfTeX, Version 3.141592653-2.6-1.40.24 (TeX Live 2022/Arch Linux) (preloaded format=pdflatex 2022.5.16)  19 MAY 2022 15:46
entering extended mode
 restricted \write18 enabled.
 %&-line parsing enabled.
**./latexText/reportSpaceWeather_Pt.tex
(./latexText/reportSpaceWeather_Pt.tex
LaTeX2e <2021-11-15> patch level 1
L3 programming layer <2022-04-10>
(/usr/share/texmf-dist/tex/latex/base/article.cls
Document Class: article 2021/10/04 v1.4n Standard LaTeX document class
(/usr/share/texmf-dist/tex/latex/base/size10.clo
File: size10.clo 2021/10/04 v1.4n Standard LaTeX file (size option)
)
\c@part=\count185
\c@section=\count186
\c@subsection=\count187
\c@subsubsection=\count188
\c@paragraph=\count189
\c@subparagraph=\count190
\c@figure=\count191
\c@table=\count192
\abovecaptionskip=\skip47
\belowcaptionskip=\skip48
\bibindent=\dimen138
)
(/usr/share/texmf-dist/tex/latex/geometry/geometry.sty
Package: geometry 2020/01/02 v5.9 Page Geometry

(/usr/share/texmf-dist/tex/latex/graphics/keyval.sty
Package: keyval 2014/10/28 v1.15 key=value parser (DPC)
\KV@toks@=\toks16
)
(/usr/share/texmf-dist/tex/generic/iftex/ifvtex.sty
Package: ifvtex 2019/10/25 v1.7 ifvtex legacy package. Use iftex instead.

(/usr/share/texmf-dist/tex/generic/iftex/iftex.sty
Package: iftex 2022/02/03 v1.0f TeX engine tests
))
\Gm@cnth=\count193
\Gm@cntv=\count194
\c@Gm@tempcnt=\count195
\Gm@bindingoffset=\dimen139
\Gm@wd@mp=\dimen140
\Gm@odd@mp=\dimen141
\Gm@even@mp=\dimen142
\Gm@layoutwidth=\dimen143
\Gm@layoutheight=\dimen144
\Gm@layouthoffset=\dimen145
\Gm@layoutvoffset=\dimen146
\Gm@dimlist=\toks17
)
(/usr/share/texmf-dist/tex/latex/graphics/graphicx.sty
Package: graphicx 2021/09/16 v1.2d Enhanced LaTeX Graphics (DPC,SPQR)

(/usr/share/texmf-dist/tex/latex/graphics/graphics.sty
Package: graphics 2021/03/04 v1.4d Standard LaTeX Graphics (DPC,SPQR)

(/usr/share/texmf-dist/tex/latex/graphics/trig.sty
Package: trig 2021/08/11 v1.11 sin cos tan (DPC)
)
(/usr/share/texmf-dist/tex/latex/graphics-cfg/graphics.cfg
File: graphics.cfg 2016/06/04 v1.11 sample graphics configuration
)
Package graphics Info: Driver file: pdftex.def on input line 107.

(/usr/share/texmf-dist/tex/latex/graphics-def/pdftex.def
File: pdftex.def 2020/10/05 v1.2a Graphics/color driver for pdftex
))
\Gin@req@height=\dimen147
\Gin@req@width=\dimen148
)
(/usr/share/texmf-dist/tex/latex/amsfonts/amssymb.sty
Package: amssymb 2013/01/14 v3.01 AMS font symbols

(/usr/share/texmf-dist/tex/latex/amsfonts/amsfonts.sty
Package: amsfonts 2013/01/14 v3.01 Basic AMSFonts support
\@emptytoks=\toks18
\symAMSa=\mathgroup4
\symAMSb=\mathgroup5
LaTeX Font Info:    Redeclaring math symbol \hbar on input line 98.
LaTeX Font Info:    Overwriting math alphabet `\mathfrak' in version `bold'
(Font)                  U/euf/m/n --> U/euf/b/n on input line 106.
))
(/usr/share/texmf-dist/tex/latex/base/inputenc.sty
Package: inputenc 2021/02/14 v1.3d Input encoding file
\inpenc@prehook=\toks19
\inpenc@posthook=\toks20
)
(/usr/share/texmf-dist/tex/generic/babel/babel.sty
Package: babel 2022/02/26 3.73 The Babel package
\babel@savecnt=\count196
\U@D=\dimen149
\l@unhyphenated=\language87

(/usr/share/texmf-dist/tex/generic/babel/txtbabel.def)
\bbl@readstream=\read2
\bbl@dirlevel=\count197

(/usr/share/texmf-dist/tex/generic/babel-portuges/brazil.ldf
Language: portuges 2021/07/09 v1.2t Portuguese support from the babel system
Package babel Info: Hyphen rules for 'brazil' set to \l@portuguese
(babel)             (\language70). Reported on input line 111.
Package babel Info: Making " an active character on input line 143.
))
(/usr/share/texmf-dist/tex/latex/graphics/color.sty
Package: color 2021/12/07 v1.3c Standard LaTeX Color (DPC)

(/usr/share/texmf-dist/tex/latex/graphics-cfg/color.cfg
File: color.cfg 2016/01/02 v1.6 sample color configuration
)
Package color Info: Driver file: pdftex.def on input line 149.
)
(/usr/share/texmf-dist/tex/latex/float/float.sty
Package: float 2001/11/08 v1.3d Float enhancements (AL)
\c@float@type=\count198
\float@exts=\toks21
\float@box=\box50
\@float@everytoks=\toks22
\@floatcapt=\box51
)
(/usr/share/texmf-dist/tex/latex/hyperref/hyperref.sty
Package: hyperref 2022-02-21 v7.00n Hypertext links for LaTeX

(/usr/share/texmf-dist/tex/generic/ltxcmds/ltxcmds.sty
Package: ltxcmds 2020-05-10 v1.25 LaTeX kernel commands for general use (HO)
)
(/usr/share/texmf-dist/tex/generic/pdftexcmds/pdftexcmds.sty
Package: pdftexcmds 2020-06-27 v0.33 Utility functions of pdfTeX for LuaTeX (HO
)

(/usr/share/texmf-dist/tex/generic/infwarerr/infwarerr.sty
Package: infwarerr 2019/12/03 v1.5 Providing info/warning/error messages (HO)
)
Package pdftexcmds Info: \pdf@primitive is available.
Package pdftexcmds Info: \pdf@ifprimitive is available.
Package pdftexcmds Info: \pdfdraftmode found.
)
(/usr/share/texmf-dist/tex/generic/kvsetkeys/kvsetkeys.sty
Package: kvsetkeys 2019/12/15 v1.18 Key value parser (HO)
)
(/usr/share/texmf-dist/tex/generic/kvdefinekeys/kvdefinekeys.sty
Package: kvdefinekeys 2019-12-19 v1.6 Define keys (HO)
)
(/usr/share/texmf-dist/tex/generic/pdfescape/pdfescape.sty
Package: pdfescape 2019/12/09 v1.15 Implements pdfTeX's escape features (HO)
)
(/usr/share/texmf-dist/tex/latex/hycolor/hycolor.sty
Package: hycolor 2020-01-27 v1.10 Color options for hyperref/bookmark (HO)
)
(/usr/share/texmf-dist/tex/latex/letltxmacro/letltxmacro.sty
Package: letltxmacro 2019/12/03 v1.6 Let assignment for LaTeX macros (HO)
)
(/usr/share/texmf-dist/tex/latex/auxhook/auxhook.sty
Package: auxhook 2019-12-17 v1.6 Hooks for auxiliary files (HO)
)
(/usr/share/texmf-dist/tex/latex/kvoptions/kvoptions.sty
Package: kvoptions 2020-10-07 v3.14 Key value format for package options (HO)
)
\@linkdim=\dimen150
\Hy@linkcounter=\count199
\Hy@pagecounter=\count266

(/usr/share/texmf-dist/tex/latex/hyperref/pd1enc.def
File: pd1enc.def 2022-02-21 v7.00n Hyperref: PDFDocEncoding definition (HO)
Now handling font encoding PD1 ...
... no UTF-8 mapping file for font encoding PD1
)
(/usr/share/texmf-dist/tex/generic/intcalc/intcalc.sty
Package: intcalc 2019/12/15 v1.3 Expandable calculations with integers (HO)
)
(/usr/share/texmf-dist/tex/generic/etexcmds/etexcmds.sty
Package: etexcmds 2019/12/15 v1.7 Avoid name clashes with e-TeX commands (HO)
)
\Hy@SavedSpaceFactor=\count267

(/usr/share/texmf-dist/tex/latex/hyperref/puenc.def
File: puenc.def 2022-02-21 v7.00n Hyperref: PDF Unicode definition (HO)
Now handling font encoding PU ...
... no UTF-8 mapping file for font encoding PU
)
Package hyperref Info: Hyper figures OFF on input line 4137.
Package hyperref Info: Link nesting OFF on input line 4142.
Package hyperref Info: Hyper index ON on input line 4145.
Package hyperref Info: Plain pages OFF on input line 4152.
Package hyperref Info: Backreferencing OFF on input line 4157.
Package hyperref Info: Implicit mode ON; LaTeX internals redefined.
Package hyperref Info: Bookmarks ON on input line 4390.
\c@Hy@tempcnt=\count268

(/usr/share/texmf-dist/tex/latex/url/url.sty
\Urlmuskip=\muskip16
Package: url 2013/09/16  ver 3.4  Verb mode for urls, etc.
)
LaTeX Info: Redefining \url on input line 4749.
\XeTeXLinkMargin=\dimen151

(/usr/share/texmf-dist/tex/generic/bitset/bitset.sty
Package: bitset 2019/12/09 v1.3 Handle bit-vector datatype (HO)

(/usr/share/texmf-dist/tex/generic/bigintcalc/bigintcalc.sty
Package: bigintcalc 2019/12/15 v1.5 Expandable calculations on big integers (HO
)
))
\Fld@menulength=\count269
\Field@Width=\dimen152
\Fld@charsize=\dimen153
Package hyperref Info: Hyper figures OFF on input line 6027.
Package hyperref Info: Link nesting OFF on input line 6032.
Package hyperref Info: Hyper index ON on input line 6035.
Package hyperref Info: backreferencing OFF on input line 6042.
Package hyperref Info: Link coloring OFF on input line 6047.
Package hyperref Info: Link coloring with OCG OFF on input line 6052.
Package hyperref Info: PDF/A mode OFF on input line 6057.
LaTeX Info: Redefining \ref on input line 6097.
LaTeX Info: Redefining \pageref on input line 6101.

(/usr/share/texmf-dist/tex/latex/base/atbegshi-ltx.sty
Package: atbegshi-ltx 2021/01/10 v1.0c Emulation of the original atbegshi
package with kernel methods
)
\Hy@abspage=\count270
\c@Item=\count271
\c@Hfootnote=\count272
)
Package hyperref Info: Driver (autodetected): hpdftex.

(/usr/share/texmf-dist/tex/latex/hyperref/hpdftex.def
File: hpdftex.def 2022-02-21 v7.00n Hyperref driver for pdfTeX

(/usr/share/texmf-dist/tex/latex/base/atveryend-ltx.sty
Package: atveryend-ltx 2020/08/19 v1.0a Emulation of the original atveryend pac
kage
with kernel methods
)
\Fld@listcount=\count273
\c@bookmark@seq@number=\count274

(/usr/share/texmf-dist/tex/latex/rerunfilecheck/rerunfilecheck.sty
Package: rerunfilecheck 2019/12/05 v1.9 Rerun checks for auxiliary files (HO)

(/usr/share/texmf-dist/tex/generic/uniquecounter/uniquecounter.sty
Package: uniquecounter 2019/12/15 v1.4 Provide unlimited unique counter (HO)
)
Package uniquecounter Info: New unique counter `rerunfilecheck' on input line 2
86.
)
\Hy@SectionHShift=\skip49
)
(/usr/share/texmf-dist/tex/latex/fancyhdr/fancyhdr.sty
Package: fancyhdr 2021/01/28 v4.0.1 Extensive control of page headers and foote
rs
\f@nch@headwidth=\skip50
\f@nch@O@elh=\skip51
\f@nch@O@erh=\skip52
\f@nch@O@olh=\skip53
\f@nch@O@orh=\skip54
\f@nch@O@elf=\skip55
\f@nch@O@erf=\skip56
\f@nch@O@olf=\skip57
\f@nch@O@orf=\skip58
)
(/usr/share/texmf-dist/tex/latex/tools/indentfirst.sty
Package: indentfirst 1995/11/23 v1.03 Indent first paragraph (DPC)
)
(/usr/share/texmf-dist/tex/latex/l3backend/l3backend-pdftex.def
File: l3backend-pdftex.def 2022-04-14 L3 backend support: PDF output (pdfTeX)
\l__color_backend_stack_int=\count275
\l__pdf_internal_box=\box52
)
(./latexText//reportSpaceWeather_Pt.aux)
\openout1 = `reportSpaceWeather_Pt.aux'.

LaTeX Font Info:    Checking defaults for OML/cmm/m/it on input line 21.
LaTeX Font Info:    ... okay on input line 21.
LaTeX Font Info:    Checking defaults for OMS/cmsy/m/n on input line 21.
LaTeX Font Info:    ... okay on input line 21.
LaTeX Font Info:    Checking defaults for OT1/cmr/m/n on input line 21.
LaTeX Font Info:    ... okay on input line 21.
LaTeX Font Info:    Checking defaults for T1/cmr/m/n on input line 21.
LaTeX Font Info:    ... okay on input line 21.
LaTeX Font Info:    Checking defaults for TS1/cmr/m/n on input line 21.
LaTeX Font Info:    ... okay on input line 21.
LaTeX Font Info:    Checking defaults for OMX/cmex/m/n on input line 21.
LaTeX Font Info:    ... okay on input line 21.
LaTeX Font Info:    Checking defaults for U/cmr/m/n on input line 21.
LaTeX Font Info:    ... okay on input line 21.
LaTeX Font Info:    Checking defaults for PD1/pdf/m/n on input line 21.
LaTeX Font Info:    ... okay on input line 21.
LaTeX Font Info:    Checking defaults for PU/pdf/m/n on input line 21.
LaTeX Font Info:    ... okay on input line 21.

*geometry* driver: auto-detecting
*geometry* detected driver: pdftex
*geometry* verbose mode - [ preamble ] result:
* driver: pdftex
* paper: a4paper
* layout: <same size as paper>
* layoutoffset:(h,v)=(0.0pt,0.0pt)
* modes: 
* h-part:(L,W,R)=(72.26999pt, 452.9679pt, 72.26999pt)
* v-part:(T,H,B)=(71.13188pt, 702.78308pt, 71.13188pt)
* \paperwidth=597.50787pt
* \paperheight=845.04684pt
* \textwidth=452.9679pt
* \textheight=702.78308pt
* \oddsidemargin=0.0pt
* \evensidemargin=0.0pt
* \topmargin=-52.1381pt
* \headheight=26.0pt
* \headsep=25.0pt
* \topskip=10.0pt
* \footskip=30.0pt
* \marginparwidth=57.0pt
* \marginparsep=11.0pt
* \columnsep=10.0pt
* \skip\footins=9.0pt plus 4.0pt minus 2.0pt
* \hoffset=0.0pt
* \voffset=0.0pt
* \mag=1000
* \@twocolumnfalse
* \@twosidefalse
* \@mparswitchfalse
* \@reversemarginfalse
* (1in=72.27pt=25.4mm, 1cm=28.453pt)

(/usr/share/texmf-dist/tex/context/base/mkii/supp-pdf.mkii
[Loading MPS to PDF converter (version 2006.09.02).]
\scratchcounter=\count276
\scratchdimen=\dimen154
\scratchbox=\box53
\nofMPsegments=\count277
\nofMParguments=\count278
\everyMPshowfont=\toks23
\MPscratchCnt=\count279
\MPscratchDim=\dimen155
\MPnumerator=\count280
\makeMPintoPDFobject=\count281
\everyMPtoPDFconversion=\toks24
) (/usr/share/texmf-dist/tex/latex/epstopdf-pkg/epstopdf-base.sty
Package: epstopdf-base 2020-01-24 v2.11 Base part for package epstopdf
Package epstopdf-base Info: Redefining graphics rule for `.eps' on input line 4
85.

(/usr/share/texmf-dist/tex/latex/latexconfig/epstopdf-sys.cfg
File: epstopdf-sys.cfg 2010/07/13 v1.3 Configuration of (r)epstopdf for TeX Liv
e
))
Package hyperref Info: Link coloring OFF on input line 21.

(/usr/share/texmf-dist/tex/latex/hyperref/nameref.sty
Package: nameref 2021-04-02 v2.47 Cross-referencing by name of section

(/usr/share/texmf-dist/tex/latex/refcount/refcount.sty
Package: refcount 2019/12/15 v3.6 Data extraction from label references (HO)
)
(/usr/share/texmf-dist/tex/generic/gettitlestring/gettitlestring.sty
Package: gettitlestring 2019/12/15 v1.6 Cleanup title references (HO)
)
\c@section@level=\count282
)
LaTeX Info: Redefining \ref on input line 21.
LaTeX Info: Redefining \pageref on input line 21.
LaTeX Info: Redefining \nameref on input line 21.

(./latexText//reportSpaceWeather_Pt.out)
(./latexText//reportSpaceWeather_Pt.out)
\@outlinefile=\write3
\openout3 = `reportSpaceWeather_Pt.out'.

LaTeX Font Info:    Trying to load font information for U+msa on input line 23.


(/usr/share/texmf-dist/tex/latex/amsfonts/umsa.fd
File: umsa.fd 2013/01/14 v3.01 AMS symbols A
)
LaTeX Font Info:    Trying to load font information for U+msb on input line 23.


(/usr/share/texmf-dist/tex/latex/amsfonts/umsb.fd
File: umsb.fd 2013/01/14 v3.01 AMS symbols B
)

LaTeX Warning: No \author given.


Underfull \hbox (badness 10000) in paragraph at lines 27--27

 []

<./figures/pt_outfileSun_0.jpg, id=84, 3161.8125pt x 1778.645pt>
File: ./figures/pt_outfileSun_0.jpg Graphic file (type jpg)
<use ./figures/pt_outfileSun_0.jpg>
Package pdftex.def Info: ./figures/pt_outfileSun_0.jpg  used on input line 49.
(pdftex.def)             Requested size: 398.33858pt x 224.06703pt.
<embracetopimage.png, id=85, 831.105pt x 86.724pt>
File: embracetopimage.png Graphic file (type png)
<use embracetopimage.png>
Package pdftex.def Info: embracetopimage.png  used on input line 51.
(pdftex.def)             Requested size: 284.52756pt x 29.68954pt.

Package fancyhdr Warning: \headheight is too small (26.0pt): 
(fancyhdr)                Make it at least 33.28958pt, for example:
(fancyhdr)                \setlength{\headheight}{33.28958pt}.
(fancyhdr)                You might also make \topmargin smaller to compensate:

(fancyhdr)                \addtolength{\topmargin}{-7.28958pt}.

[1{/var/lib/texmf/fonts/map/pdftex/updmap/pdftex.map}

 <./latexText//embracetopimage.png>]
<./figures/pt_outfileSun_1.jpg, id=100, 3161.8125pt x 1778.645pt>
File: ./figures/pt_outfileSun_1.jpg Graphic file (type jpg)
<use ./figures/pt_outfileSun_1.jpg>
Package pdftex.def Info: ./figures/pt_outfileSun_1.jpg  used on input line 56.
(pdftex.def)             Requested size: 398.33858pt x 224.06703pt.
<./figures//figureMIIndex.png, id=101, 1204.5pt x 803.0pt>
File: ./figures//figureMIIndex.png Graphic file (type png)
<use ./figures//figureMIIndex.png>
Package pdftex.def Info: ./figures//figureMIIndex.png  used on input line 65.
(pdftex.def)             Requested size: 398.33858pt x 265.55444pt.
File: embracetopimage.png Graphic file (type png)
<use embracetopimage.png>
Package pdftex.def Info: embracetopimage.png  used on input line 68.
(pdftex.def)             Requested size: 284.52756pt x 29.68954pt.


Package fancyhdr Warning: \headheight is too small (26.0pt): 
(fancyhdr)                Make it at least 33.28958pt, for example:
(fancyhdr)                \setlength{\headheight}{33.28958pt}.
(fancyhdr)                You might also make \topmargin smaller to compensate:

(fancyhdr)                \addtolength{\topmargin}{-7.28958pt}.

[2 <./latexText//./figures/pt_outfileSun_0.jpg> <./latexText//./figures/pt_outf
ileSun_1.jpg>]
<./figures//figureRadBelts_0.png, id=106, 1505.625pt x 702.625pt>
File: ./figures//figureRadBelts_0.png Graphic file (type png)
<use ./figures//figureRadBelts_0.png>
Package pdftex.def Info: ./figures//figureRadBelts_0.png  used on input line 85
.
(pdftex.def)             Requested size: 398.33858pt x 185.89453pt.
File: embracetopimage.png Graphic file (type png)
<use embracetopimage.png>
Package pdftex.def Info: embracetopimage.png  used on input line 89.
(pdftex.def)             Requested size: 284.52756pt x 29.68954pt.


Package fancyhdr Warning: \headheight is too small (26.0pt): 
(fancyhdr)                Make it at least 33.28958pt, for example:
(fancyhdr)                \setlength{\headheight}{33.28958pt}.
(fancyhdr)                You might also make \topmargin smaller to compensate:

(fancyhdr)                \addtolength{\topmargin}{-7.28958pt}.

[3 <./latexText//./figures//figureMIIndex.png (PNG copy)>]
<./figures//figureRadBelts_1.png, id=111, 1505.625pt x 813.0375pt>
File: ./figures//figureRadBelts_1.png Graphic file (type png)
<use ./figures//figureRadBelts_1.png>
Package pdftex.def Info: ./figures//figureRadBelts_1.png  used on input line 94
.
(pdftex.def)             Requested size: 398.33858pt x 215.10654pt.
File: embracetopimage.png Graphic file (type png)
<use embracetopimage.png>
Package pdftex.def Info: embracetopimage.png  used on input line 102.
(pdftex.def)             Requested size: 284.52756pt x 29.68954pt.


Package fancyhdr Warning: \headheight is too small (26.0pt): 
(fancyhdr)                Make it at least 33.28958pt, for example:
(fancyhdr)                \setlength{\headheight}{33.28958pt}.
(fancyhdr)                You might also make \topmargin smaller to compensate:

(fancyhdr)                \addtolength{\topmargin}{-7.28958pt}.

[4 <./latexText//./figures//figureRadBelts_0.png (PNG copy)> <./latexText//./fi
gures//figureRadBelts_1.png (PNG copy)>]
<./figures//figureULF_0.png, id=118, 2710.125pt x 1395.2125pt>
File: ./figures//figureULF_0.png Graphic file (type png)
<use ./figures//figureULF_0.png>
Package pdftex.def Info: ./figures//figureULF_0.png  used on input line 112.
(pdftex.def)             Requested size: 398.33858pt x 205.05757pt.
<./figures//figureULF_1.png, id=119, 2710.125pt x 1395.2125pt>
File: ./figures//figureULF_1.png Graphic file (type png)
<use ./figures//figureULF_1.png>
Package pdftex.def Info: ./figures//figureULF_1.png  used on input line 126.
(pdftex.def)             Requested size: 398.33858pt x 205.05757pt.
<./figures//figureULF_2.png, id=120, 2710.125pt x 1395.2125pt>
File: ./figures//figureULF_2.png Graphic file (type png)
<use ./figures//figureULF_2.png>
Package pdftex.def Info: ./figures//figureULF_2.png  used on input line 139.
(pdftex.def)             Requested size: 398.33858pt x 205.05757pt.
File: embracetopimage.png Graphic file (type png)
<use embracetopimage.png>
Package pdftex.def Info: embracetopimage.png  used on input line 147.
(pdftex.def)             Requested size: 284.52756pt x 29.68954pt.


Package fancyhdr Warning: \headheight is too small (26.0pt): 
(fancyhdr)                Make it at least 33.28958pt, for example:
(fancyhdr)                \setlength{\headheight}{33.28958pt}.
(fancyhdr)                You might also make \topmargin smaller to compensate:

(fancyhdr)                \addtolength{\topmargin}{-7.28958pt}.

[5 <./latexText//./figures//figureULF_0.png (PNG copy)> <./latexText//./figures
//figureULF_1.png (PNG copy)>]
<./figures//figureEMIC_1.png, id=127, 5869.93pt x 4147.495pt>
File: ./figures//figureEMIC_1.png Graphic file (type png)
<use ./figures//figureEMIC_1.png>
Package pdftex.def Info: ./figures//figureEMIC_1.png  used on input line 169.
(pdftex.def)             Requested size: 398.33858pt x 281.43105pt.
File: embracetopimage.png Graphic file (type png)
<use embracetopimage.png>
Package pdftex.def Info: embracetopimage.png  used on input line 172.
(pdftex.def)             Requested size: 284.52756pt x 29.68954pt.


Package fancyhdr Warning: \headheight is too small (26.0pt): 
(fancyhdr)                Make it at least 33.28958pt, for example:
(fancyhdr)                \setlength{\headheight}{33.28958pt}.
(fancyhdr)                You might also make \topmargin smaller to compensate:

(fancyhdr)                \addtolength{\topmargin}{-7.28958pt}.

[6 <./latexText//./figures//figureULF_2.png (PNG copy)>]
<./figures//figureEMIC_2.png, id=133, 5869.93pt x 4147.495pt>
File: ./figures//figureEMIC_2.png Graphic file (type png)
<use ./figures//figureEMIC_2.png>
Package pdftex.def Info: ./figures//figureEMIC_2.png  used on input line 177.
(pdftex.def)             Requested size: 398.33858pt x 281.43105pt.
<./figures//figureGeomag_0.png, id=134, 1204.5pt x 803.0pt>
File: ./figures//figureGeomag_0.png Graphic file (type png)
<use ./figures//figureGeomag_0.png>
Package pdftex.def Info: ./figures//figureGeomag_0.png  used on input line 188.

(pdftex.def)             Requested size: 398.33858pt x 265.55444pt.
File: embracetopimage.png Graphic file (type png)
<use embracetopimage.png>
Package pdftex.def Info: embracetopimage.png  used on input line 191.
(pdftex.def)             Requested size: 284.52756pt x 29.68954pt.


Package fancyhdr Warning: \headheight is too small (26.0pt): 
(fancyhdr)                Make it at least 33.28958pt, for example:
(fancyhdr)                \setlength{\headheight}{33.28958pt}.
(fancyhdr)                You might also make \topmargin smaller to compensate:

(fancyhdr)                \addtolength{\topmargin}{-7.28958pt}.

[7 <./latexText//./figures//figureEMIC_1.png (PNG copy)> <./latexText//./figure
s//figureEMIC_2.png (PNG copy)>]
<./figures//figureGeomag_1.png, id=140, 1204.5pt x 803.0pt>
File: ./figures//figureGeomag_1.png Graphic file (type png)
<use ./figures//figureGeomag_1.png>
Package pdftex.def Info: ./figures//figureGeomag_1.png  used on input line 196.

(pdftex.def)             Requested size: 398.33858pt x 265.55444pt.
<./figures//figureGeomag_2.png, id=141, 1204.5pt x 803.0pt>
File: ./figures//figureGeomag_2.png Graphic file (type png)
<use ./figures//figureGeomag_2.png>
Package pdftex.def Info: ./figures//figureGeomag_2.png  used on input line 204.

(pdftex.def)             Requested size: 398.33858pt x 265.55444pt.
File: embracetopimage.png Graphic file (type png)
<use embracetopimage.png>
Package pdftex.def Info: embracetopimage.png  used on input line 207.
(pdftex.def)             Requested size: 284.52756pt x 29.68954pt.


Package fancyhdr Warning: \headheight is too small (26.0pt): 
(fancyhdr)                Make it at least 33.28958pt, for example:
(fancyhdr)                \setlength{\headheight}{33.28958pt}.
(fancyhdr)                You might also make \topmargin smaller to compensate:

(fancyhdr)                \addtolength{\topmargin}{-7.28958pt}.

[8 <./latexText//./figures//figureGeomag_0.png> <./latexText//./figures//figure
Geomag_1.png (PNG copy)>]
<./figures//figureGeomag_3.png, id=147, 702.625pt x 451.6875pt>
File: ./figures//figureGeomag_3.png Graphic file (type png)
<use ./figures//figureGeomag_3.png>
Package pdftex.def Info: ./figures//figureGeomag_3.png  used on input line 212.

(pdftex.def)             Requested size: 398.33858pt x 256.07921pt.
<./figures//figureGeomag_4.png, id=148, 702.625pt x 451.6875pt>
File: ./figures//figureGeomag_4.png Graphic file (type png)
<use ./figures//figureGeomag_4.png>
Package pdftex.def Info: ./figures//figureGeomag_4.png  used on input line 220.

(pdftex.def)             Requested size: 398.33858pt x 256.07921pt.
File: embracetopimage.png Graphic file (type png)
<use embracetopimage.png>
Package pdftex.def Info: embracetopimage.png  used on input line 223.
(pdftex.def)             Requested size: 284.52756pt x 29.68954pt.


Package fancyhdr Warning: \headheight is too small (26.0pt): 
(fancyhdr)                Make it at least 33.28958pt, for example:
(fancyhdr)                \setlength{\headheight}{33.28958pt}.
(fancyhdr)                You might also make \topmargin smaller to compensate:

(fancyhdr)                \addtolength{\topmargin}{-7.28958pt}.

[9 <./latexText//./figures//figureGeomag_2.png (PNG copy)> <./latexText//./figu
res//figureGeomag_3.png>]
<./figures//figureGeomag_5.png, id=154, 702.625pt x 451.6875pt>
File: ./figures//figureGeomag_5.png Graphic file (type png)
<use ./figures//figureGeomag_5.png>
Package pdftex.def Info: ./figures//figureGeomag_5.png  used on input line 228.

(pdftex.def)             Requested size: 398.33858pt x 256.07921pt.
<./figures//figureGeomag_6.png, id=155, 1204.5pt x 677.53125pt>
File: ./figures//figureGeomag_6.png Graphic file (type png)
<use ./figures//figureGeomag_6.png>
Package pdftex.def Info: ./figures//figureGeomag_6.png  used on input line 236.

(pdftex.def)             Requested size: 398.33858pt x 224.06155pt.
File: embracetopimage.png Graphic file (type png)
<use embracetopimage.png>
Package pdftex.def Info: embracetopimage.png  used on input line 239.
(pdftex.def)             Requested size: 284.52756pt x 29.68954pt.


Package fancyhdr Warning: \headheight is too small (26.0pt): 
(fancyhdr)                Make it at least 33.28958pt, for example:
(fancyhdr)                \setlength{\headheight}{33.28958pt}.
(fancyhdr)                You might also make \topmargin smaller to compensate:

(fancyhdr)                \addtolength{\topmargin}{-7.28958pt}.

[10 <./latexText//./figures//figureGeomag_4.png> <./latexText//./figures//figur
eGeomag_5.png>]
<./figures//figureGeomag_7.png, id=162, 742.775pt x 225.84375pt>
File: ./figures//figureGeomag_7.png Graphic file (type png)
<use ./figures//figureGeomag_7.png>
Package pdftex.def Info: ./figures//figureGeomag_7.png  used on input line 244.

(pdftex.def)             Requested size: 398.33858pt x 121.11984pt.
<./figures//figureGeomag_8.png, id=163, 1505.625pt x 1053.9375pt>
File: ./figures//figureGeomag_8.png Graphic file (type png)
<use ./figures//figureGeomag_8.png>
Package pdftex.def Info: ./figures//figureGeomag_8.png  used on input line 252.

(pdftex.def)             Requested size: 398.33858pt x 278.84181pt.
File: embracetopimage.png Graphic file (type png)
<use embracetopimage.png>
Package pdftex.def Info: embracetopimage.png  used on input line 259.
(pdftex.def)             Requested size: 284.52756pt x 29.68954pt.


Package fancyhdr Warning: \headheight is too small (26.0pt): 
(fancyhdr)                Make it at least 33.28958pt, for example:
(fancyhdr)                \setlength{\headheight}{33.28958pt}.
(fancyhdr)                You might also make \topmargin smaller to compensate:

(fancyhdr)                \addtolength{\topmargin}{-7.28958pt}.

[11 <./latexText//./figures//figureGeomag_6.png> <./latexText//./figures//figur
eGeomag_7.png> <./latexText//./figures//figureGeomag_8.png>]
<./figures//BoaVista.png, id=171, 847.165pt x 653.44125pt>
File: ./figures//BoaVista.png Graphic file (type png)
<use ./figures//BoaVista.png>
Package pdftex.def Info: ./figures//BoaVista.png  used on input line 276.
(pdftex.def)             Requested size: 398.33858pt x 307.24704pt.
<./figures//CachoeiraPaulista.png, id=172, 839.135pt x 614.295pt>
File: ./figures//CachoeiraPaulista.png Graphic file (type png)
<use ./figures//CachoeiraPaulista.png>
Package pdftex.def Info: ./figures//CachoeiraPaulista.png  used on input line 2
87.
(pdftex.def)             Requested size: 398.33858pt x 291.60568pt.
File: embracetopimage.png Graphic file (type png)
<use embracetopimage.png>
Package pdftex.def Info: embracetopimage.png  used on input line 289.
(pdftex.def)             Requested size: 284.52756pt x 29.68954pt.


Package fancyhdr Warning: \headheight is too small (26.0pt): 
(fancyhdr)                Make it at least 33.28958pt, for example:
(fancyhdr)                \setlength{\headheight}{33.28958pt}.
(fancyhdr)                You might also make \topmargin smaller to compensate:

(fancyhdr)                \addtolength{\topmargin}{-7.28958pt}.

[12 <./latexText//./figures//BoaVista.png (PNG copy)>]
<./figures//SãoLuís.png, id=177, 828.09375pt x 632.3625pt>
File: ./figures//SãoLuís.png Graphic file (type png)
<use ./figures//SãoLuís.png>
Package pdftex.def Info: ./figures//SãoLuís.png  used on input line 299.
(pdftex.def)             Requested size: 398.33858pt x 304.19633pt.
File: embracetopimage.png Graphic file (type png)
<use embracetopimage.png>
Package pdftex.def Info: embracetopimage.png  used on input line 312.
(pdftex.def)             Requested size: 284.52756pt x 29.68954pt.


Package fancyhdr Warning: \headheight is too small (26.0pt): 
(fancyhdr)                Make it at least 33.28958pt, for example:
(fancyhdr)                \setlength{\headheight}{33.28958pt}.
(fancyhdr)                You might also make \topmargin smaller to compensate:

(fancyhdr)                \addtolength{\topmargin}{-7.28958pt}.

[13 <./latexText//./figures//CachoeiraPaulista.png (PNG copy)> <./latexText//./
figures//SãoLuís.png (PNG copy)>]
<./figures/pt_outfileScint_0.jpg, id=184, 4150.50626pt x 5868.92625pt>
File: ./figures/pt_outfileScint_0.jpg Graphic file (type jpg)
<use ./figures/pt_outfileScint_0.jpg>
Package pdftex.def Info: ./figures/pt_outfileScint_0.jpg  used on input line 31
5.
(pdftex.def)             Requested size: 398.33858pt x 563.1956pt.
File: embracetopimage.png Graphic file (type png)
<use embracetopimage.png>
Package pdftex.def Info: embracetopimage.png  used on input line 321.
(pdftex.def)             Requested size: 284.52756pt x 29.68954pt.


Package fancyhdr Warning: \headheight is too small (26.0pt): 
(fancyhdr)                Make it at least 33.28958pt, for example:
(fancyhdr)                \setlength{\headheight}{33.28958pt}.
(fancyhdr)                You might also make \topmargin smaller to compensate:

(fancyhdr)                \addtolength{\topmargin}{-7.28958pt}.

[14 <./latexText//./figures/pt_outfileScint_0.jpg>]
(./latexText//reportSpaceWeather_Pt.aux)

Package rerunfilecheck Warning: File `reportSpaceWeather_Pt.out' has changed.
(rerunfilecheck)                Rerun to get outlines right
(rerunfilecheck)                or use package `bookmark'.

Package rerunfilecheck Info: Checksums for `reportSpaceWeather_Pt.out':
(rerunfilecheck)             Before: 1418F2C2ED1DC9DFA5589B4F58A20772;3128
(rerunfilecheck)             After:  6CBBC382F9FC6E0D5C0755E25C1C76BF;2844.
 ) 
Here is how much of TeX's memory you used:
 10691 strings out of 478238
 170235 string characters out of 5850456
 478754 words of memory out of 5000000
 28728 multiletter control sequences out of 15000+600000
 477810 words of font info for 61 fonts, out of 8000000 for 9000
 1141 hyphenation exceptions out of 8191
 60i,16n,63p,939b,411s stack positions out of 5000i,500n,10000p,200000b,80000s

pdfTeX warning (dest): name{subsection.10.1} has been referenced but does not e
xist, replaced by a fixed one


pdfTeX warning (dest): name{section.10} has been referenced but does not exist,
 replaced by a fixed one

{/usr/share/texmf-dist/fonts/enc/dvips/cm-super/cm-super-ts1.enc}</usr/share/te
xmf-dist/fonts/type1/public/amsfonts/cm/cmbx10.pfb></usr/share/texmf-dist/fonts
/type1/public/amsfonts/cm/cmbx12.pfb></usr/share/texmf-dist/fonts/type1/public/
amsfonts/cm/cmmi10.pfb></usr/share/texmf-dist/fonts/type1/public/amsfonts/cm/cm
r10.pfb></usr/share/texmf-dist/fonts/type1/public/amsfonts/cm/cmr12.pfb></usr/s
hare/texmf-dist/fonts/type1/public/amsfonts/cm/cmsl10.pfb></usr/share/texmf-dis
t/fonts/type1/public/cm-super/sfrm1000.pfb>
Output written on ./latexText//reportSpaceWeather_Pt.pdf (14 pages, 37212018 by
tes).
PDF statistics:
 233 PDF objects out of 1000 (max. 8388607)
 169 compressed objects within 2 object streams
 40 named destinations out of 1000 (max. 500000)
 281 words of extra memory for PDF output out of 10000 (max. 10000000)

